<?xml version="1.0" encoding="UTF-8"?>
<!-- Generated by org.testng.reporters.JUnitXMLReporter -->
<testsuite ignored="14" hostname="Vamshi" failures="0" tests="8" name="Test" time="161.821" errors="0" timestamp="2024-09-03T14:36:50 IST">
  <testcase classname="testCases.TC001_ITW_BrandFilter" name="HQloction" time="54.667"/>
  <testcase classname="testCases.TC002_ITW_BrandFilter" name="HQRegionFilter" time="20.12"/>
  <testcase classname="testCases.TC003_ITW_BrandFilter" name="HQRegioncityfilter" time="32.238"/>
  <testcase classname="testCases.TC004_ITW_BrandFilter" name="Industriesfilter" time="12.913"/>
  <testcase classname="testCases.TC005_ITW_BrandFilter" name="searchIndustriesfilter" time="13.125"/>
  <testcase classname="testCases.TC006_ITW_BrandFilter" name="closeddealfilter" time="8.669"/>
  <testcase classname="testCases.TC007_ITW_BrandFilter" name="allcloseddealfilter" time="8.62"/>
  <testcase classname="testCases.TC008_ITW_BrandFilter" name="annualRevenuefilter" time="10.922"/>
  <testcase classname="testBase.BaseTest" name="@BeforeSuite setup" time="0.0">
    <ignored/>
  </testcase> <!-- @BeforeSuite setup -->
  <testcase classname="testBase.BaseTest" name="@BeforeSuite setup" time="0.0">
    <ignored/>
  </testcase> <!-- @BeforeSuite setup -->
  <testcase classname="testBase.BaseTest" name="@BeforeSuite setup" time="0.0">
    <ignored/>
  </testcase> <!-- @BeforeSuite setup -->
  <testcase classname="testBase.BaseTest" name="@BeforeSuite setup" time="0.0">
    <ignored/>
  </testcase> <!-- @BeforeSuite setup -->
  <testcase classname="testBase.BaseTest" name="@BeforeSuite setup" time="0.0">
    <ignored/>
  </testcase> <!-- @BeforeSuite setup -->
  <testcase classname="testBase.BaseTest" name="@BeforeSuite setup" time="0.0">
    <ignored/>
  </testcase> <!-- @BeforeSuite setup -->
  <testcase classname="testBase.BaseTest" name="@BeforeSuite setup" time="0.0">
    <ignored/>
  </testcase> <!-- @BeforeSuite setup -->
  <testcase classname="testBase.BaseTest" name="@AfterSuite close" time="0.0">
    <ignored/>
  </testcase> <!-- @AfterSuite close -->
  <testcase classname="testBase.BaseTest" name="@AfterSuite close" time="0.0">
    <ignored/>
  </testcase> <!-- @AfterSuite close -->
  <testcase classname="testBase.BaseTest" name="@AfterSuite close" time="0.0">
    <ignored/>
  </testcase> <!-- @AfterSuite close -->
  <testcase classname="testBase.BaseTest" name="@AfterSuite close" time="0.0">
    <ignored/>
  </testcase> <!-- @AfterSuite close -->
  <testcase classname="testBase.BaseTest" name="@AfterSuite close" time="0.0">
    <ignored/>
  </testcase> <!-- @AfterSuite close -->
  <testcase classname="testBase.BaseTest" name="@AfterSuite close" time="0.0">
    <ignored/>
  </testcase> <!-- @AfterSuite close -->
  <testcase classname="testBase.BaseTest" name="@AfterSuite close" time="0.0">
    <ignored/>
  </testcase> <!-- @AfterSuite close -->
</testsuite> <!-- Test -->
